{"level":"info","message":"Server is listening on port 3000","timestamp":"2024-08-25T10:25:02.213Z"}
{"level":"info","message":"Server is listening on port 3000","timestamp":"2024-08-25T10:27:27.849Z"}
{"level":"info","message":"Server is listening on port 3000","timestamp":"2024-08-25T10:32:22.296Z"}
{"level":"info","message":"Server is listening on port 3000","timestamp":"2024-08-25T10:33:20.274Z"}
{"level":"info","message":"Server is listening on port 3000","timestamp":"2024-08-25T11:10:33.758Z"}
{"level":"info","message":"Server is listening on port 3000","timestamp":"2024-08-25T11:13:34.501Z"}
{"level":"info","message":"New client connected.","timestamp":"2024-08-25T11:13:48.485Z"}
{"level":"info","message":"Received message of type: initialize","timestamp":"2024-08-25T11:13:50.096Z"}
{"level":"info","message":"Game reset.","timestamp":"2024-08-25T11:13:50.097Z"}
{"level":"info","message":"Received message of type: initialize","timestamp":"2024-08-25T11:13:51.557Z"}
{"level":"info","message":"Game reset.","timestamp":"2024-08-25T11:13:51.557Z"}
{"level":"info","message":"Received message of type: initialize","timestamp":"2024-08-25T11:13:55.057Z"}
{"level":"info","message":"Game reset.","timestamp":"2024-08-25T11:13:55.057Z"}
{"level":"info","message":"Client disconnected.","timestamp":"2024-08-25T11:13:56.470Z"}
{"level":"info","message":"New client connected.","timestamp":"2024-08-25T11:13:56.482Z"}
{"level":"info","message":"Received message of type: initialize","timestamp":"2024-08-25T11:14:00.603Z"}
{"level":"info","message":"Game reset.","timestamp":"2024-08-25T11:14:00.603Z"}
{"level":"info","message":"Received message of type: initialize","timestamp":"2024-08-25T11:14:07.514Z"}
{"level":"info","message":"Game reset.","timestamp":"2024-08-25T11:14:07.514Z"}
{"level":"info","message":"Client disconnected.","timestamp":"2024-08-25T11:14:09.653Z"}
{"level":"info","message":"New client connected.","timestamp":"2024-08-25T11:14:09.663Z"}
{"level":"info","message":"Received message of type: initialize","timestamp":"2024-08-25T11:14:10.827Z"}
{"level":"info","message":"Game reset.","timestamp":"2024-08-25T11:14:10.827Z"}
{"level":"info","message":"Client disconnected.","timestamp":"2024-08-25T11:14:12.752Z"}
{"level":"info","message":"New client connected.","timestamp":"2024-08-25T11:14:12.768Z"}
{"level":"info","message":"Received message of type: initialize","timestamp":"2024-08-25T11:14:18.501Z"}
{"level":"info","message":"Game reset.","timestamp":"2024-08-25T11:14:18.501Z"}
{"level":"info","message":"Received message of type: initialize","timestamp":"2024-08-25T11:14:33.158Z"}
{"level":"info","message":"Game reset.","timestamp":"2024-08-25T11:14:33.158Z"}
{"level":"info","message":"Received message of type: initialize","timestamp":"2024-08-25T11:14:56.027Z"}
{"level":"info","message":"Game reset.","timestamp":"2024-08-25T11:14:56.027Z"}
{"level":"info","message":"Received message of type: initialize","timestamp":"2024-08-25T11:14:57.736Z"}
{"level":"info","message":"Game reset.","timestamp":"2024-08-25T11:14:57.736Z"}
{"level":"info","message":"Received message of type: initialize","timestamp":"2024-08-25T11:16:25.403Z"}
{"level":"info","message":"Game reset.","timestamp":"2024-08-25T11:16:25.403Z"}
{"level":"info","message":"Received message of type: initialize","timestamp":"2024-08-25T11:16:26.318Z"}
{"level":"info","message":"Game reset.","timestamp":"2024-08-25T11:16:26.318Z"}
{"level":"info","message":"Received message of type: initialize","timestamp":"2024-08-25T11:17:29.218Z"}
{"level":"info","message":"Game reset.","timestamp":"2024-08-25T11:17:29.218Z"}
{"level":"info","message":"Received message of type: initialize","timestamp":"2024-08-25T11:17:29.998Z"}
{"level":"info","message":"Game reset.","timestamp":"2024-08-25T11:17:29.998Z"}
{"level":"info","message":"Received message of type: initialize","timestamp":"2024-08-25T11:17:30.613Z"}
{"level":"info","message":"Game reset.","timestamp":"2024-08-25T11:17:30.613Z"}
{"level":"info","message":"Client disconnected.","timestamp":"2024-08-25T11:17:32.038Z"}
{"level":"info","message":"New client connected.","timestamp":"2024-08-25T11:17:32.056Z"}
{"level":"info","message":"Received message of type: initialize","timestamp":"2024-08-25T11:17:32.919Z"}
{"level":"info","message":"Game reset.","timestamp":"2024-08-25T11:17:32.920Z"}
{"level":"info","message":"Received message of type: initialize","timestamp":"2024-08-25T11:17:33.958Z"}
{"level":"info","message":"Game reset.","timestamp":"2024-08-25T11:17:33.958Z"}
{"level":"info","message":"Client disconnected.","timestamp":"2024-08-25T11:19:41.424Z"}
{"level":"info","message":"New client connected.","timestamp":"2024-08-25T11:19:41.435Z"}
{"level":"info","message":"Received message of type: initialize","timestamp":"2024-08-25T11:19:42.588Z"}
{"level":"info","message":"Game reset.","timestamp":"2024-08-25T11:19:42.588Z"}
{"level":"info","message":"Received message of type: initialize","timestamp":"2024-08-25T11:19:44.998Z"}
{"level":"info","message":"Game reset.","timestamp":"2024-08-25T11:19:44.998Z"}
{"level":"info","message":"Game reset.","timestamp":"2024-08-25T11:22:06.831Z"}
{"level":"info","message":"Game reset.","timestamp":"2024-08-25T11:22:27.100Z"}
{"level":"info","message":"Game reset.","timestamp":"2024-08-25T11:22:31.876Z"}
{"level":"info","message":"Game reset.","timestamp":"2024-08-25T11:22:32.742Z"}
{"level":"info","message":"Game reset.","timestamp":"2024-08-25T11:23:13.770Z"}
{"level":"info","message":"Game reset.","timestamp":"2024-08-25T11:23:14.430Z"}
{"level":"info","message":"Game reset.","timestamp":"2024-08-25T11:23:14.627Z"}
{"level":"info","message":"Game reset.","timestamp":"2024-08-25T11:23:14.845Z"}
{"level":"info","message":"Game reset.","timestamp":"2024-08-25T11:23:19.896Z"}
{"level":"info","message":"Game reset.","timestamp":"2024-08-25T11:23:22.241Z"}
{"level":"info","message":"Game reset.","timestamp":"2024-08-25T11:23:30.390Z"}
{"level":"info","message":"Game reset.","timestamp":"2024-08-25T11:23:36.925Z"}
{"level":"info","message":"Game reset.","timestamp":"2024-08-25T11:24:10.411Z"}
{"level":"info","message":"Game reset.","timestamp":"2024-08-25T11:24:27.278Z"}
{"level":"info","message":"Game reset.","timestamp":"2024-08-25T11:29:16.205Z"}
{"level":"info","message":"Game reset.","timestamp":"2024-08-25T11:35:09.423Z"}
{"level":"info","message":"Game reset.","timestamp":"2024-08-25T11:35:16.223Z"}
{"level":"info","message":"Game reset.","timestamp":"2024-08-26T13:26:26.336Z"}
{"level":"info","message":"Game reset.","timestamp":"2024-08-26T13:26:27.829Z"}
{"level":"info","message":"Game reset.","timestamp":"2024-08-26T13:26:36.492Z"}
{"level":"info","message":"Game reset.","timestamp":"2024-08-26T13:26:36.931Z"}
{"level":"info","message":"Game reset.","timestamp":"2024-08-26T13:26:37.100Z"}
{"level":"info","message":"Game reset.","timestamp":"2024-08-26T13:26:37.241Z"}
{"level":"info","message":"Game reset.","timestamp":"2024-08-26T13:26:37.401Z"}
{"level":"info","message":"Game reset.","timestamp":"2024-08-26T13:26:37.578Z"}
{"level":"info","message":"Game reset.","timestamp":"2024-08-26T13:26:37.793Z"}
{"level":"info","message":"Game reset.","timestamp":"2024-08-26T13:26:38.342Z"}
{"level":"info","message":"Game reset.","timestamp":"2024-08-26T13:26:39.801Z"}
{"level":"info","message":"Game reset.","timestamp":"2024-08-26T13:26:40.689Z"}
{"level":"info","message":"Game reset.","timestamp":"2024-08-26T13:26:52.809Z"}
{"level":"info","message":"Game reset.","timestamp":"2024-08-26T13:26:53.381Z"}
{"level":"info","message":"Game reset.","timestamp":"2024-08-26T13:26:53.643Z"}
{"level":"info","message":"Game reset.","timestamp":"2024-08-26T13:26:53.799Z"}
{"level":"info","message":"Game reset.","timestamp":"2024-08-26T13:26:54.021Z"}
{"level":"info","message":"Game reset.","timestamp":"2024-08-26T13:27:38.828Z"}
{"level":"info","message":"Game reset.","timestamp":"2024-08-26T13:27:39.296Z"}
{"level":"info","message":"Game reset.","timestamp":"2024-08-26T13:27:39.464Z"}
{"level":"info","message":"Game reset.","timestamp":"2024-08-26T13:27:39.640Z"}
{"level":"info","message":"Game reset.","timestamp":"2024-08-26T13:27:39.864Z"}
{"level":"info","message":"Game reset.","timestamp":"2024-08-26T13:27:40.205Z"}
{"level":"info","message":"Game reset.","timestamp":"2024-08-26T13:27:40.576Z"}
{"level":"info","message":"Game reset.","timestamp":"2024-08-26T13:27:41.020Z"}
{"level":"info","message":"Game reset.","timestamp":"2024-08-26T13:27:41.244Z"}
{"level":"info","message":"Game reset.","timestamp":"2024-08-26T13:32:18.698Z"}
